<?xml version="1.0" encoding="UTF-8"?>
<!-- Generated by org.testng.reporters.JUnitXMLReporter -->
<testsuite ignored="0" hostname="DESKTOP-46B8S40" failures="0" tests="3" name="Default test" time="38.116" errors="0" timestamp="2020-11-27T13:42:27 IST">
  <testcase classname="Anmol.TestAutomation.TestClass" name="Test1" time="5.581"/>
  <testcase classname="Anmol.TestAutomation.TestClass" name="Test2" time="2.572"/>
  <testcase classname="Anmol.TestAutomation.TestClass" name="Test3" time="10.174"/>
</testsuite> <!-- Default test -->
