<?xml version="1.0" encoding="UTF-8"?>
<!-- Generated by org.testng.reporters.JUnitXMLReporter -->
<testsuite ignored="0" hostname="DESKTOP-46B8S40" failures="0" tests="3" name="Default test" time="42.252" errors="0" timestamp="2020-11-27T14:47:15 IST">
  <testcase classname="Anmol.TestAutomation.TestClass" name="Test1" time="8.559"/>
  <testcase classname="Anmol.TestAutomation.TestClass" name="Test2" time="8.051"/>
  <testcase classname="Anmol.TestAutomation.TestClass" name="Test3" time="5.198"/>
</testsuite> <!-- Default test -->
