<?xml version="1.0" encoding="UTF-8"?>
<testng-results ignored="0" total="2" passed="2" failed="0" skipped="0">
  <reporter-output>
  </reporter-output>
  <suite started-at="2020-12-03T13:35:55 IST" name="Suite" finished-at="2020-12-03T13:36:38 IST" duration-ms="43490">
    <groups>
    </groups>
    <test started-at="2020-12-03T13:35:55 IST" name="Test" finished-at="2020-12-03T13:36:38 IST" duration-ms="43490">
      <class name="Anmol.TestAutomation.TestClass">
        <test-method is-config="true" signature="lanuchDriver()[pri:0, instance:Anmol.TestAutomation.TestClass@212bf671]" started-at="2020-12-03T13:35:55 IST" name="lanuchDriver" finished-at="2020-12-03T13:36:07 IST" duration-ms="12360" status="PASS">
          <reporter-output>
          </reporter-output>
        </test-method> <!-- lanuchDriver -->
        <test-method signature="Test1()[pri:0, instance:Anmol.TestAutomation.TestClass@212bf671]" started-at="2020-12-03T13:36:07 IST" name="Test1" finished-at="2020-12-03T13:36:26 IST" duration-ms="18910" status="PASS">
          <reporter-output>
          </reporter-output>
        </test-method> <!-- Test1 -->
        <test-method is-config="true" signature="lanuchDriver()[pri:0, instance:Anmol.TestAutomation.TestClass@212bf671]" started-at="2020-12-03T13:36:26 IST" name="lanuchDriver" finished-at="2020-12-03T13:36:32 IST" duration-ms="5732" status="PASS">
          <reporter-output>
          </reporter-output>
        </test-method> <!-- lanuchDriver -->
        <test-method signature="Test2()[pri:0, instance:Anmol.TestAutomation.TestClass@212bf671]" started-at="2020-12-03T13:36:32 IST" name="Test2" finished-at="2020-12-03T13:36:38 IST" duration-ms="6352" status="PASS">
          <reporter-output>
          </reporter-output>
        </test-method> <!-- Test2 -->
      </class> <!-- Anmol.TestAutomation.TestClass -->
    </test> <!-- Test -->
  </suite> <!-- Suite -->
</testng-results>
