<?xml version="1.0" encoding="UTF-8"?>
<testng-results ignored="0" total="2" passed="2" failed="0" skipped="0">
  <reporter-output>
  </reporter-output>
  <suite started-at="2020-12-03T20:48:39 IST" name="Default suite" finished-at="2020-12-03T20:49:04 IST" duration-ms="24466">
    <groups>
    </groups>
    <test started-at="2020-12-03T20:48:39 IST" name="Default test" finished-at="2020-12-03T20:49:04 IST" duration-ms="24466">
      <class name="Anmol.TestAutomation.TestClass">
        <test-method is-config="true" signature="lanuchDriver()[pri:0, instance:Anmol.TestAutomation.TestClass@229d10bd]" started-at="2020-12-03T20:48:39 IST" name="lanuchDriver" finished-at="2020-12-03T20:48:47 IST" duration-ms="7928" status="PASS">
          <reporter-output>
          </reporter-output>
        </test-method> <!-- lanuchDriver -->
        <test-method signature="Test1()[pri:0, instance:Anmol.TestAutomation.TestClass@229d10bd]" started-at="2020-12-03T20:48:47 IST" name="Test1" finished-at="2020-12-03T20:48:52 IST" duration-ms="4952" status="PASS">
          <reporter-output>
          </reporter-output>
        </test-method> <!-- Test1 -->
        <test-method is-config="true" signature="lanuchDriver()[pri:0, instance:Anmol.TestAutomation.TestClass@229d10bd]" started-at="2020-12-03T20:48:52 IST" name="lanuchDriver" finished-at="2020-12-03T20:48:58 IST" duration-ms="6025" status="PASS">
          <reporter-output>
          </reporter-output>
        </test-method> <!-- lanuchDriver -->
        <test-method signature="Test2()[pri:0, instance:Anmol.TestAutomation.TestClass@229d10bd]" started-at="2020-12-03T20:48:58 IST" name="Test2" finished-at="2020-12-03T20:49:04 IST" duration-ms="5459" status="PASS">
          <reporter-output>
          </reporter-output>
        </test-method> <!-- Test2 -->
      </class> <!-- Anmol.TestAutomation.TestClass -->
    </test> <!-- Default test -->
  </suite> <!-- Default suite -->
</testng-results>
