<?xml version="1.0" encoding="UTF-8"?>
<testng-results ignored="0" total="2" passed="2" failed="0" skipped="0">
  <reporter-output>
  </reporter-output>
  <suite started-at="2020-11-27T15:16:26 IST" name="Default suite" finished-at="2020-11-27T15:16:49 IST" duration-ms="23596">
    <groups>
    </groups>
    <test started-at="2020-11-27T15:16:26 IST" name="Default test" finished-at="2020-11-27T15:16:49 IST" duration-ms="23596">
      <class name="Anmol.TestAutomation.TestClass">
        <test-method is-config="true" signature="lanuchDriver()[pri:0, instance:Anmol.TestAutomation.TestClass@229d10bd]" started-at="2020-11-27T15:16:26 IST" name="lanuchDriver" finished-at="2020-11-27T15:16:33 IST" duration-ms="7074" status="PASS">
          <reporter-output>
          </reporter-output>
        </test-method> <!-- lanuchDriver -->
        <test-method signature="Test1()[pri:0, instance:Anmol.TestAutomation.TestClass@229d10bd]" started-at="2020-11-27T15:16:33 IST" name="Test1" finished-at="2020-11-27T15:16:38 IST" duration-ms="5267" status="PASS">
          <reporter-output>
          </reporter-output>
        </test-method> <!-- Test1 -->
        <test-method is-config="true" signature="lanuchDriver()[pri:0, instance:Anmol.TestAutomation.TestClass@229d10bd]" started-at="2020-11-27T15:16:38 IST" name="lanuchDriver" finished-at="2020-11-27T15:16:44 IST" duration-ms="6024" status="PASS">
          <reporter-output>
          </reporter-output>
        </test-method> <!-- lanuchDriver -->
        <test-method signature="Test2()[pri:0, instance:Anmol.TestAutomation.TestClass@229d10bd]" started-at="2020-11-27T15:16:44 IST" name="Test2" finished-at="2020-11-27T15:16:49 IST" duration-ms="5152" status="PASS">
          <reporter-output>
          </reporter-output>
        </test-method> <!-- Test2 -->
      </class> <!-- Anmol.TestAutomation.TestClass -->
    </test> <!-- Default test -->
  </suite> <!-- Default suite -->
</testng-results>
